<?xml version="1.0" encoding="UTF-8"?>
<!-- Generated by org.testng.reporters.JUnitReportReporter -->
<testsuite hostname="LAPTOP-ONP8DBTT" failures="0" tests="1" name="Test_Classes.Put_TC1" time="2.029" errors="0" timestamp="2023-07-03T18:43:15 IST" skipped="0">
  <testcase classname="Test_Classes.Put_TC1" name="extractor" time="2.029"/>
  <system-out/>
</testsuite> <!-- Test_Classes.Put_TC1 -->
